[0mGET /api/products/type/lens/price/low [36m304 [0m2.752 ms - -[0m
[0mGET /api/products/type/all/price/all [36m304 [0m11.201 ms - -[0m
[0mGET /api/products/type/all/price/all [32m200 [0m10.276 ms - 6032[0m
[0mGET /api/products/type/lights/price/all [32m200 [0m1.919 ms - 982[0m
[0mGET /api/products/type/lights/price/low [36m304 [0m1.010 ms - -[0m
[0mGET /api/products/type/lights/price/high [32m200 [0m0.857 ms - 2[0m
[0mGET /api/products/type/all/price/high [36m304 [0m0.913 ms - -[0m
[0mGET /api/products/type/all/price/low [36m304 [0m1.108 ms - -[0m
[0mGET /api/products/type/all/price/medium [36m304 [0m1.311 ms - -[0m
[0mGET /api/products/type/all/price/low [36m304 [0m0.934 ms - -[0m
[0mGET /api/products/type/all/price/medium [36m304 [0m0.951 ms - -[0m
[0mGET /api/products/type/all/price/high [36m304 [0m3.070 ms - -[0m
[0mGET /api/products/type/cameras/price/high [36m304 [0m1.340 ms - -[0m
[0mGET /api/products/type/all/price/high [36m304 [0m0.845 ms - -[0m
[0mGET /api/products/type/lens/price/high [36m304 [0m0.831 ms - -[0m
[0mGET /api/products/type/lens/price/medium [36m304 [0m0.783 ms - -[0m
[0mGET /api/products/type/all/price/all [36m304 [0m1.607 ms - -[0m
[0mGET /api/products/type/all/price/all [36m304 [0m1.477 ms - -[0m
[0mGET /api/products/type/all/price/high [36m304 [0m0.874 ms - -[0m
[0mGET /api/products/type/all/price/low [36m304 [0m1.020 ms - -[0m
[0mGET /api/products/type/all/price/medium [36m304 [0m0.943 ms - -[0m
[0mGET /api/products/type/all/price/all [36m304 [0m1.022 ms - -[0m
[0mGET /api/products/type/all/price/all [36m304 [0m1.113 ms - -[0m
[0mGET /api/products/type/cameras/price/all [36m304 [0m0.822 ms - -[0m
[0mGET /api/products/type/all/price/all [36m304 [0m1.506 ms - -[0m
[0mGET /api/products/type/lens/price/all [36m304 [0m0.898 ms - -[0m
[0mGET /api/products/type/lens/price/low [36m304 [0m0.864 ms - -[0m
[0mGET /api/products/type/all/price/all [36m304 [0m1.870 ms - -[0m
[0mGET /api/products/type/all/price/all [36m304 [0m3.844 ms - -[0m
[0mGET /api/products/type/all/price/all [36m304 [0m2.557 ms - -[0m
[0mGET /api/products/type/all/price/all [36m304 [0m5.640 ms - -[0m
[0mGET /api/products/type/tripods/price/all [36m304 [0m1.743 ms - -[0m
[0mGET /api/products/type/all/price/all [36m304 [0m1.454 ms - -[0m
[0mGET /api/products/type/all/price/all [36m304 [0m1.093 ms - -[0m
[0mGET /api/products/type/all/price/all [36m304 [0m1.108 ms - -[0m
[0mGET /api/products/type/lens/price/all [36m304 [0m0.880 ms - -[0m
[0mGET /api/products/type/all/price/all [36m304 [0m1.371 ms - -[0m
[0mGET /api/products/type/all/price/all [36m304 [0m1.058 ms - -[0m
[0mGET /api/products/type/all/price/all [36m304 [0m1.016 ms - -[0m
[0mGET /api/products/type/all/price/all [36m304 [0m2.432 ms - -[0m
[0mGET /api/products/type/all/price/all [36m304 [0m2.049 ms - -[0m
[0mGET /api/products/type/all/price/all [36m304 [0m1.166 ms - -[0m
[0mGET /api/products/type/all/price/all [36m304 [0m1.116 ms - -[0m
[0mGET /api/products/type/all/price/all [36m304 [0m1.481 ms - -[0m
[0mGET /api/products/type/all/price/all [36m304 [0m6.070 ms - -[0m
[0mGET /api/products/type/all/price/all [36m304 [0m1.746 ms - -[0m
[0mGET /api/products/type/all/price/all [36m304 [0m1.423 ms - -[0m
[0mGET /api/products/type/all/price/all [36m304 [0m1.548 ms - -[0m
[0mGET /api/products/type/all/price/all [36m304 [0m1.040 ms - -[0m
[0mGET /api/products/type/all/price/all [36m304 [0m1.194 ms - -[0m
[0mGET /api/products/type/all/price/all [36m304 [0m1.839 ms - -[0m
[0mGET /api/products/type/all/price/all [36m304 [0m0.980 ms - -[0m
[0mGET /ListProducts.jsx [33m404 [0m2.447 ms - 260[0m
[0mGET /Products/index.jsx [33m404 [0m0.389 ms - 260[0m
[0mGET /App.js [33m404 [0m0.231 ms - 260[0m
[0mGET /src/index.js [33m404 [0m0.266 ms - 260[0m
[0mGET /api/products/type/all/price/all [36m304 [0m1.059 ms - -[0m
[0mGET /api/products [32m200 [0m3.271 ms - 6032[0m
[0mGET /api/products [32m200 [0m1.054 ms - 6032[0m
[0mGET /api/contacts [32m200 [0m0.904 ms - 1699[0m
[0mGET /api/products/type/all/price/all [36m304 [0m5.252 ms - -[0m
[0mGET /api/products/type/all/price/all [36m304 [0m2.312 ms - -[0m
[0mGET /api/products/type/all/price/all [36m304 [0m1.385 ms - -[0m
[0mGET /api/products/type/all/price/all [36m304 [0m1.596 ms - -[0m
[0mGET /api/products/type/all/price/all [36m304 [0m1.007 ms - -[0m
[0mGET /api/products/type/all/price/all [36m304 [0m1.308 ms - -[0m
[0mGET /api/products/type/all/price/all [36m304 [0m1.427 ms - -[0m
[0mGET /api/products/type/all/price/all [36m304 [0m0.976 ms - -[0m
[0mGET /api/products/type/all/price/all [36m304 [0m1.425 ms - -[0m
[0mGET /api/products/type/all/price/all [36m304 [0m1.208 ms - -[0m
[0mGET /api/products/type/all/price/all [36m304 [0m2.490 ms - -[0m
[0mGET /api/products/type/all/price/all [36m304 [0m1.275 ms - -[0m
[0mGET /api/products/type/all/price/all [36m304 [0m1.210 ms - -[0m
[0mGET /api/products/type/all/price/all [36m304 [0m1.255 ms - -[0m
[0mGET /api/products/type/all/price/all [36m304 [0m1.163 ms - -[0m
[0mGET /api/products/type/all/price/all [36m304 [0m1.081 ms - -[0m
[0mGET /api/products/type/all/price/all [36m304 [0m1.226 ms - -[0m
[0mGET /api/products/type/all/price/all [36m304 [0m1.408 ms - -[0m
[0mGET /api/products/type/all/price/all [36m304 [0m1.168 ms - -[0m
[0mGET /api/products/type/all/price/all [36m304 [0m2.367 ms - -[0m
[0mGET /api/products/type/all/price/all [36m304 [0m1.489 ms - -[0m
[0mGET /api/products/type/all/price/all [36m304 [0m1.244 ms - -[0m
[0mGET /api/products/type/all/price/all [36m304 [0m1.395 ms - -[0m
[0mGET /api/products/type/all/price/all [36m304 [0m1.619 ms - -[0m
[0mGET /api/products/type/all/price/all [36m304 [0m1.163 ms - -[0m
[0mGET /api/products/type/all/price/all [36m304 [0m1.083 ms - -[0m
[0mGET /api/products/type/all/price/all [36m304 [0m1.163 ms - -[0m
[0mGET /api/products/type/all/price/all [36m304 [0m1.386 ms - -[0m
[0mGET /api/products/type/all/price/all [36m304 [0m1.328 ms - -[0m
[0mGET /api/products/type/all/price/all [36m304 [0m1.139 ms - -[0m
[0mGET /api/products/type/all/price/all [36m304 [0m1.042 ms - -[0m
[0mGET /api/products/type/all/price/all [36m304 [0m1.159 ms - -[0m
[0mGET /api/products/type/all/price/all [36m304 [0m1.113 ms - -[0m
[0mGET /api/products/type/all/price/all [36m304 [0m4.216 ms - -[0m
[0mGET /api/products/type/all/price/all [36m304 [0m16.638 ms - -[0m
[0mGET /api/products/type/all/price/all [36m304 [0m2.062 ms - -[0m
[0mGET /api/products/type/all/price/all [36m304 [0m1.250 ms - -[0m
[0mGET /api/products/type/all/price/all [36m304 [0m1.271 ms - -[0m
[0mGET /api/products/type/all/price/all [36m304 [0m1.189 ms - -[0m
[0mGET /api/products/type/all/price/all [36m304 [0m2.163 ms - -[0m
[0mGET /api/products/type/all/price/all [36m304 [0m2.150 ms - -[0m
[0mGET /api/products/type/tripods/price/all [36m304 [0m1.409 ms - -[0m
[0mGET /api/products/type/tripods/price/low [36m304 [0m1.049 ms - -[0m
[0mGET /api/products/type/tripods/price/all [36m304 [0m0.966 ms - -[0m
[0mGET /api/products/type/lights/price/all [36m304 [0m0.921 ms - -[0m
[0mGET /api/products/type/lights/price/low [36m304 [0m0.837 ms - -[0m
[0mGET /api/products/type/lights/price/all [36m304 [0m0.913 ms - -[0m
[0mGET /api/products/type/all/price/all [36m304 [0m1.343 ms - -[0m
[0mGET /api/products/type/all/price/all [36m304 [0m1.082 ms - -[0m
[0mGET /api/products/type/all/price/all [36m304 [0m4.306 ms - -[0m
[0mGET /api/products/type/all/price/all [36m304 [0m3.479 ms - -[0m
[0mGET /api/products/type/all/price/all [36m304 [0m3.427 ms - -[0m
[0mGET /api/products/type/all/price/all [36m304 [0m2.046 ms - -[0m
[0mGET /api/products/type/all/price/all [36m304 [0m6.688 ms - -[0m
[0mGET /api/products [32m200 [0m1.639 ms - 6032[0m
[0mGET /api/products [32m200 [0m0.933 ms - 6032[0m
[0mGET /api/contacts [32m200 [0m1.164 ms - 1699[0m
[0mGET /api/products [32m200 [0m3.803 ms - 6032[0m
[0mGET /api/products [32m200 [0m1.029 ms - 6032[0m
[0mGET /api/contacts [32m200 [0m0.958 ms - 1699[0m
[0mGET /api/products [32m200 [0m3.734 ms - 6032[0m
[0mGET /api/products [32m200 [0m1.054 ms - 6032[0m
[0mGET /api/contacts [32m200 [0m0.888 ms - 1699[0m
[0mGET /api/products [32m200 [0m3.545 ms - 6032[0m
[0mGET /api/products [32m200 [0m1.091 ms - 6032[0m
[0mGET /api/contacts [32m200 [0m0.860 ms - 1699[0m
[0mGET /api/products [32m200 [0m3.548 ms - 6032[0m
[0mGET /api/products [32m200 [0m0.982 ms - 6032[0m
[0mGET /api/contacts [32m200 [0m0.929 ms - 1699[0m
[0mGET /api/products/type/all/price/all [36m304 [0m2.340 ms - -[0m
[0mGET /api/products [32m200 [0m3.700 ms - 6032[0m
[0mGET /api/products [32m200 [0m1.056 ms - 6032[0m
[0mGET /api/contacts [32m200 [0m0.856 ms - 1699[0m
[0mGET /api/products/type/all/price/all [36m304 [0m2.377 ms - -[0m
[0mGET /api/products [32m200 [0m3.755 ms - 6032[0m
[0mGET /api/products [32m200 [0m0.977 ms - 6032[0m
[0mGET /api/contacts [32m200 [0m0.817 ms - 1699[0m
[0mGET /api/products/type/all/price/all [36m304 [0m2.154 ms - -[0m
[0mGET /api/products/type/all/price/all [36m304 [0m1.450 ms - -[0m
[0mGET /api/products/type/all/price/all [36m304 [0m3.338 ms - -[0m
[0mGET /api/products/type/all/price/all [36m304 [0m1.279 ms - -[0m
[0mGET /api/products/type/all/price/all [36m304 [0m1.403 ms - -[0m
[0mGET /api/products/type/all/price/all [36m304 [0m1.663 ms - -[0m
[0mGET /api/products/type/all/price/all [36m304 [0m1.075 ms - -[0m
[0mGET /api/products/type/all/price/all [36m304 [0m1.258 ms - -[0m
[0mGET /api/products/type/all/price/all [36m304 [0m5.439 ms - -[0m
[0mGET /api/products/type/all/price/all [36m304 [0m3.136 ms - -[0m
[0mGET /api/products/type/all/price/all [36m304 [0m2.337 ms - -[0m
[0mGET /api/products/type/all/price/all [36m304 [0m1.196 ms - -[0m
[0mGET /api/products/type/all/price/all [36m304 [0m1.552 ms - -[0m
[0mGET /api/products/type/all/price/all [36m304 [0m2.119 ms - -[0m
[0mGET /api/products/type/all/price/all [36m304 [0m1.432 ms - -[0m
[0mGET /api/products/type/all/price/all [36m304 [0m3.928 ms - -[0m
[0mGET /api/products [32m200 [0m1.656 ms - 6032[0m
[0mGET /api/products [32m200 [0m0.801 ms - 6032[0m
[0mGET /api/contacts [32m200 [0m0.709 ms - 1699[0m
[0mGET /api/products [32m200 [0m3.659 ms - 6032[0m
[0mGET /api/products [32m200 [0m1.036 ms - 6032[0m
[0mGET /api/contacts [32m200 [0m0.816 ms - 1699[0m
[0mGET /api/products [32m200 [0m3.362 ms - 6032[0m
[0mGET /api/products [32m200 [0m0.972 ms - 6032[0m
[0mGET /api/contacts [32m200 [0m0.838 ms - 1699[0m
[0mGET /api/products [32m200 [0m3.561 ms - 6032[0m
[0mGET /api/products [32m200 [0m0.866 ms - 6032[0m
[0mGET /api/contacts [32m200 [0m0.805 ms - 1699[0m
[0mGET /api/products [32m200 [0m3.563 ms - 6032[0m
[0mGET /api/products [32m200 [0m0.901 ms - 6032[0m
[0mGET /api/contacts [32m200 [0m0.701 ms - 1699[0m
[0mGET /api/products [32m200 [0m3.444 ms - 6032[0m
[0mGET /api/products [32m200 [0m0.907 ms - 6032[0m
[0mGET /api/contacts [32m200 [0m0.948 ms - 1699[0m
[0mGET /api/products [32m200 [0m6.643 ms - 6032[0m
[0mGET /api/products [32m200 [0m0.875 ms - 6032[0m
[0mGET /api/contacts [32m200 [0m0.885 ms - 1699[0m
[0mGET /api/products [32m200 [0m3.607 ms - 6032[0m
[0mGET /api/products [32m200 [0m0.930 ms - 6032[0m
[0mGET /api/contacts [32m200 [0m0.725 ms - 1699[0m
[0mGET /api/products [32m200 [0m3.792 ms - 6032[0m
[0mGET /api/products [32m200 [0m1.213 ms - 6032[0m
[0mGET /api/contacts [32m200 [0m0.803 ms - 1699[0m
[0mGET /api/products [32m200 [0m5.898 ms - 6032[0m
[0mGET /api/products [32m200 [0m1.135 ms - 6032[0m
[0mGET /api/contacts [32m200 [0m0.802 ms - 1699[0m
[0mGET /api/products [32m200 [0m3.401 ms - 6032[0m
[0mGET /api/products [32m200 [0m0.879 ms - 6032[0m
[0mGET /api/contacts [32m200 [0m0.720 ms - 1699[0m
[0mGET /api/products [32m200 [0m3.595 ms - 6032[0m
[0mGET /api/products [32m200 [0m0.957 ms - 6032[0m
[0mGET /api/contacts [32m200 [0m0.743 ms - 1699[0m
[0mGET /api/products [32m200 [0m3.453 ms - 6032[0m
[0mGET /api/products [32m200 [0m1.045 ms - 6032[0m
[0mGET /api/contacts [32m200 [0m0.886 ms - 1699[0m
[0mGET /api/products/type/all/price/all [36m304 [0m2.762 ms - -[0m
[0mGET /api/products [32m200 [0m1.066 ms - 6032[0m
[0mGET /api/products [32m200 [0m0.782 ms - 6032[0m
[0mGET /api/contacts [32m200 [0m0.613 ms - 1699[0m
[0mGET /api/products [32m200 [0m3.302 ms - 6032[0m
[0mGET /api/products [32m200 [0m0.917 ms - 6032[0m
[0mGET /api/contacts [32m200 [0m0.855 ms - 1699[0m
[0mGET /api/products [32m200 [0m3.604 ms - 6032[0m
[0mGET /api/products [32m200 [0m1.126 ms - 6032[0m
[0mGET /api/contacts [32m200 [0m0.847 ms - 1699[0m
[0mGET /api/products/type/all/price/all [32m200 [0m4.096 ms - 6032[0m
[0mGET /api/products/type/all/price/all [36m304 [0m3.916 ms - -[0m
[0mGET /api/contacts [32m200 [0m1.436 ms - 1699[0m
[0mGET /api/contacts [36m304 [0m1.501 ms - -[0m
[0mGET /api/contacts [36m304 [0m1.138 ms - -[0m
[0mGET /api/contacts [36m304 [0m0.731 ms - -[0m
[0mGET /api/contacts [36m304 [0m0.896 ms - -[0m
[0mGET /api/contacts [36m304 [0m0.788 ms - -[0m
[0mGET /api/contacts [36m304 [0m0.682 ms - -[0m
[0mGET /api/contacts [36m304 [0m0.763 ms - -[0m
[0mGET /api/contacts [36m304 [0m1.337 ms - -[0m
[0mGET /api/contacts [36m304 [0m0.771 ms - -[0m
[0mGET /api/contacts [36m304 [0m1.085 ms - -[0m
[0mGET /api/contacts [36m304 [0m0.672 ms - -[0m
[0mGET /api/contacts [36m304 [0m1.025 ms - -[0m
[0mGET /api/contacts [36m304 [0m1.234 ms - -[0m
[0mGET /api/contacts [36m304 [0m0.678 ms - -[0m
[0mGET /api/contacts [36m304 [0m3.228 ms - -[0m
[0mGET /api/contacts [32m200 [0m10.603 ms - -[0m
[0mGET /api/contacts [32m200 [0m3.377 ms - 1699[0m
[0mGET /api/contacts [36m304 [0m1.349 ms - -[0m
[0mGET /api/contacts [36m304 [0m0.742 ms - -[0m
[0mGET /api/contacts [36m304 [0m0.940 ms - -[0m
[0mGET /api/contacts [36m304 [0m3.556 ms - -[0m
[0mGET /api/contacts [36m304 [0m1.287 ms - -[0m
[0mGET /api/contacts [36m304 [0m4.098 ms - -[0m
[0mGET /api/contacts [36m304 [0m2.107 ms - -[0m
[0mGET /api/contacts [36m304 [0m0.769 ms - -[0m
[0mGET /api/contacts [36m304 [0m0.693 ms - -[0m
[0mGET /api/products/type/all/price/all [36m304 [0m1.831 ms - -[0m
[0mGET /api/contacts [36m304 [0m0.685 ms - -[0m
[0mGET /api/contacts [36m304 [0m4.240 ms - -[0m
[0mGET /api/contacts [36m304 [0m1.302 ms - -[0m
[0mGET /api/contacts [36m304 [0m0.936 ms - -[0m
[0mGET /api/contacts [36m304 [0m0.734 ms - -[0m
[0mGET /api/contacts [36m304 [0m1.067 ms - -[0m
[0mGET /api/contacts [36m304 [0m0.743 ms - -[0m
[0mGET /api/contacts [36m304 [0m0.783 ms - -[0m
[0mGET /api/contacts [36m304 [0m0.746 ms - -[0m
[0mGET /api/products/type/all/price/all [36m304 [0m1.738 ms - -[0m
[0mGET /api/products/type/tripods/price/all [36m304 [0m1.157 ms - -[0m
[0mGET /api/products/type/all/price/all [36m304 [0m1.187 ms - -[0m
[0mGET /api/products/type/all/price/low [36m304 [0m0.963 ms - -[0m
[0mGET /api/products/type/all/price/all [36m304 [0m0.953 ms - -[0m
[0mGET /api/contacts [36m304 [0m0.864 ms - -[0m
[0mGET /api/contacts [36m304 [0m4.624 ms - -[0m
[0mGET /api/products/type/all/price/all [36m304 [0m1.571 ms - -[0m
[0mGET /api/contacts [36m304 [0m1.174 ms - -[0m
[0mGET /api/contacts [36m304 [0m0.782 ms - -[0m
[0mGET /api/contacts [36m304 [0m0.839 ms - -[0m
[0mGET /api/contacts [36m304 [0m0.728 ms - -[0m
[0mGET /api/contacts [36m304 [0m0.739 ms - -[0m
[0mGET /api/products/type/all/price/all [36m304 [0m1.221 ms - -[0m
[0mGET /api/products/type/lights/price/all [36m304 [0m1.047 ms - -[0m
[0mGET /api/products/type/lights/price/low [36m304 [0m0.952 ms - -[0m
[0mGET /api/products/type/lights/price/medium [32m200 [0m0.981 ms - 2[0m
[0mGET /api/products/type/lights/price/all [36m304 [0m1.299 ms - -[0m
[0mGET /api/products/type/all/price/all [36m304 [0m1.062 ms - -[0m
[0mGET /api/contacts [36m304 [0m0.921 ms - -[0m
[0mGET /api/contacts [36m304 [0m0.783 ms - -[0m
[0mGET /api/contacts [36m304 [0m0.739 ms - -[0m
[0mGET /api/contacts [36m304 [0m0.720 ms - -[0m
[0mGET /api/contacts [36m304 [0m0.740 ms - -[0m
[0mGET /api/products/type/all/price/all [36m304 [0m1.107 ms - -[0m
[0mGET /api/products/type/all/price/all [36m304 [0m1.042 ms - -[0m
[0mGET /api/contacts [36m304 [0m0.783 ms - -[0m
[0mGET /api/products/type/all/price/all [36m304 [0m5.267 ms - -[0m
[0mGET /api/products/type/camera-bags/price/all [32m200 [0m1.907 ms - 952[0m
[0mGET /api/products/type/lens/price/all [32m200 [0m0.879 ms - 1102[0m
[0mGET /api/products/type/lens/price/medium [32m200 [0m1.056 ms - 479[0m
[0mGET /api/products [32m200 [0m0.958 ms - 6032[0m
[0mGET /api/products [32m200 [0m0.782 ms - 6032[0m
[0mGET /api/contacts [32m200 [0m0.852 ms - 1699[0m
[0mGET /api/products/type/all/price/all [36m304 [0m4.498 ms - -[0m
[0mGET /api/products/type/all/price/all [36m304 [0m2.042 ms - -[0m
[0mGET /api/products/type/all/price/all [36m304 [0m1.254 ms - -[0m
[0mGET /api/products/type/all/price/all [36m304 [0m3.665 ms - -[0m
[0mGET /api/contacts [36m304 [0m4.567 ms - -[0m
[0mGET /api/contacts [36m304 [0m4.009 ms - -[0m
[0mGET /api/products [32m200 [0m1.356 ms - 6032[0m
[0mGET /api/products [32m200 [0m0.924 ms - 6032[0m
[0mGET /api/contacts [32m200 [0m0.630 ms - 1699[0m
[0mGET /api/products [32m200 [0m3.336 ms - 6032[0m
[0mGET /api/products [32m200 [0m0.937 ms - 6032[0m
[0mGET /api/contacts [32m200 [0m0.927 ms - 1699[0m
[0mGET /api/products [32m200 [0m3.374 ms - 6032[0m
[0mGET /api/products [32m200 [0m0.830 ms - 6032[0m
[0mGET /api/contacts [32m200 [0m0.961 ms - 1699[0m
[0mGET /api/contacts [36m304 [0m3.772 ms - -[0m
[0mGET /api/products [32m200 [0m1.766 ms - 6032[0m
[0mGET /api/products [32m200 [0m0.866 ms - 6032[0m
[0mGET /api/contacts [32m200 [0m0.665 ms - 1699[0m
[0mGET /api/contacts [36m304 [0m28.821 ms - -[0m
[0mGET /api/contacts [36m304 [0m4.200 ms - -[0m
[0mGET /api/products [32m200 [0m5.690 ms - 6032[0m
[0mGET /api/products [32m200 [0m0.893 ms - 6032[0m
[0mGET /api/products/type/all/price/all [32m200 [0m1.717 ms - 6032[0m
[0mGET /api/contacts [32m200 [0m0.918 ms - 1699[0m
[0mGET /api/products [32m200 [0m3.276 ms - 6032[0m
[0mGET /api/products [32m200 [0m0.857 ms - 6032[0m
[0mGET /api/products/type/cameras/price/high [32m200 [0m1.968 ms - 1001[0m
[0mGET /api/contacts [32m200 [0m0.927 ms - 1699[0m
[0mGET /api/contacts [36m304 [0m3.342 ms - -[0m
[0mGET /api/contacts [36m304 [0m6.307 ms - -[0m
[0mGET /api/products [32m200 [0m1.918 ms - 6032[0m
[0mGET /api/products [32m200 [0m0.916 ms - 6032[0m
[0mGET /api/products/type/cameras/price/high [32m200 [0m1.411 ms - 1001[0m
[0mGET /api/contacts [32m200 [0m0.649 ms - 1699[0m
[0mGET /api/contacts [36m304 [0m3.733 ms - -[0m
[0mGET /api/products/type/all/price/all [36m304 [0m2.202 ms - -[0m
[0mGET /api/products/type/lens/price/all [36m304 [0m1.071 ms - -[0m
[0mGET /api/products/type/lens/price/medium [36m304 [0m0.888 ms - -[0m
[0mGET /api/products/type/cameras/price/medium [36m304 [0m0.813 ms - -[0m
[0mGET /api/products/type/cameras/price/high [36m304 [0m0.943 ms - -[0m
[0mGET /api/products/type/lens/price/high [36m304 [0m0.736 ms - -[0m
[0mGET /api/products/type/lens/price/medium [36m304 [0m0.817 ms - -[0m
[0mGET /api/products/type/lens/price/high [36m304 [0m0.836 ms - -[0m
[0mGET /api/products [32m200 [0m3.263 ms - 6032[0m
[0mGET /api/products [32m200 [0m0.864 ms - 6032[0m
[0mGET /api/products/type/lens/price/high [32m200 [0m1.217 ms - 624[0m
[0mGET /api/contacts [32m200 [0m0.971 ms - 1699[0m
[0mGET /api/products [32m200 [0m3.441 ms - 6032[0m
[0mGET /api/products [32m200 [0m0.968 ms - 6032[0m
[0mGET /api/products/type/lens/price/high [32m200 [0m1.503 ms - 624[0m
[0mGET /api/contacts [32m200 [0m0.797 ms - 1699[0m
[0mGET /api/products [32m200 [0m3.371 ms - 6032[0m
[0mGET /api/products [32m200 [0m0.975 ms - 6032[0m
[0mGET /api/products/type/lens/price/high [32m200 [0m1.491 ms - 624[0m
[0mGET /api/contacts [32m200 [0m1.003 ms - 1699[0m
[0mGET /api/products [32m200 [0m3.387 ms - 6032[0m
[0mGET /api/products [32m200 [0m0.991 ms - 6032[0m
[0mGET /api/products/type/lens/price/high [32m200 [0m3.912 ms - 624[0m
[0mGET /api/contacts [32m200 [0m0.849 ms - 1699[0m
[0mGET /api/products [32m200 [0m3.428 ms - 6032[0m
[0mGET /api/products [32m200 [0m0.867 ms - 6032[0m
[0mGET /api/products/type/lens/price/high [32m200 [0m1.176 ms - 624[0m
[0mGET /api/contacts [32m200 [0m0.755 ms - 1699[0m
[0mGET /api/products/type/all/price/all [36m304 [0m1.806 ms - -[0m
[0mGET /api/products/type/all/price/all [36m304 [0m1.049 ms - -[0m
[0mGET /api/products/type/all/price/all [36m304 [0m1.206 ms - -[0m
[0mGET /api/products/type/all/price/all [36m304 [0m1.275 ms - -[0m
[0mGET /api/products/type/all/price/all [36m304 [0m0.952 ms - -[0m
[0mGET /api/products/type/all/price/all [36m304 [0m0.982 ms - -[0m
[0mGET /api/products/type/all/price/all [36m304 [0m4.473 ms - -[0m
[0mGET /api/contacts [36m304 [0m1.642 ms - -[0m
[0mGET /api/products/type/all/price/all [36m304 [0m1.199 ms - -[0m
[0mGET /api/products/type/tripods/price/all [36m304 [0m1.117 ms - -[0m
[0mGET /api/products/type/tripods/price/low [36m304 [0m0.826 ms - -[0m
[0mGET /api/products/type/tripods/price/medium [36m304 [0m0.831 ms - -[0m
[0mGET /api/products/type/tripods/price/high [36m304 [0m0.785 ms - -[0m
[0mGET /api/products/type/tripods/price/all [36m304 [0m0.870 ms - -[0m
[0mGET /api/products/type/all/price/all [36m304 [0m1.031 ms - -[0m
[0mGET /api/contacts [36m304 [0m1.186 ms - -[0m
[0mGET /api/products/type/all/price/all [36m304 [0m1.108 ms - -[0m
[0mGET /api/products/type/all/price/all [36m304 [0m1.247 ms - -[0m
[0mGET /api/products/type/all/price/all [36m304 [0m1.558 ms - -[0m
[0mGET /api/products/type/all/price/all [36m304 [0m1.414 ms - -[0m
[0mGET /api/products/type/all/price/all [36m304 [0m1.049 ms - -[0m
[0mGET /api/products/type/all/price/all [36m304 [0m1.477 ms - -[0m
[0mGET /api/products/type/all/price/all [36m304 [0m1.184 ms - -[0m
[0mGET /api/products/type/all/price/all [36m304 [0m1.127 ms - -[0m
[0mGET /api/contacts [36m304 [0m0.895 ms - -[0m
[0mGET /api/contacts [36m304 [0m1.420 ms - -[0m
[0mGET /api/contacts [36m304 [0m0.756 ms - -[0m
[0mGET /api/contacts [36m304 [0m0.969 ms - -[0m
[0mGET /api/contacts [36m304 [0m0.757 ms - -[0m
[0mGET /api/contacts [36m304 [0m1.000 ms - -[0m
[0mGET /api/contacts [36m304 [0m0.944 ms - -[0m
[0mGET /api/contacts [36m304 [0m0.786 ms - -[0m
[0mGET /api/contacts [36m304 [0m1.184 ms - -[0m
[0mGET /api/contacts [36m304 [0m0.936 ms - -[0m
[0mGET /api/contacts [36m304 [0m0.784 ms - -[0m
[0mGET /api/products/type/all/price/all [36m304 [0m0.917 ms - -[0m
[0mGET /api/products/type/all/price/all [36m304 [0m0.956 ms - -[0m
[0mGET /api/products/type/lights/price/all [36m304 [0m0.858 ms - -[0m
[0mGET /api/products/type/lights/price/medium [36m304 [0m0.759 ms - -[0m
[0mGET /api/products/type/lights/price/low [36m304 [0m0.870 ms - -[0m
[0mGET /api/products/type/all/price/low [36m304 [0m0.937 ms - -[0m
[0mGET /api/products/type/all/price/all [36m304 [0m1.685 ms - -[0m
[0mGET /api/products/type/all/price/all [36m304 [0m0.970 ms - -[0m
[0mGET /api/products/type/tripods/price/all [36m304 [0m0.870 ms - -[0m
[0mGET /api/products/type/tripods/price/medium [36m304 [0m0.734 ms - -[0m
[0mGET /api/products/type/all/price/all [36m304 [0m1.299 ms - -[0m
[0mGET /api/products/type/all/price/all [36m304 [0m1.094 ms - -[0m
[0mGET /api/products/type/all/price/all [36m304 [0m1.035 ms - -[0m
[0mGET /api/products/type/all/price/all [36m304 [0m1.231 ms - -[0m
[0mGET /api/products/type/all/price/all [36m304 [0m1.494 ms - -[0m
[0mGET /api/products/type/all/price/all [36m304 [0m0.989 ms - -[0m
[0mGET /api/products/type/lights/price/all [36m304 [0m0.829 ms - -[0m
[0mGET /api/products/type/lens/price/all [36m304 [0m0.837 ms - -[0m
[0mGET /api/products/type/all/price/all [36m304 [0m0.889 ms - -[0m
[0mGET /api/products/type/all/price/high [36m304 [0m0.803 ms - -[0m
[0mGET /api/products/type/all/price/all [36m304 [0m0.990 ms - -[0m
[0mGET /api/products/type/all/price/all [36m304 [0m1.034 ms - -[0m
[0mGET /api/products/type/all/price/all [36m304 [0m0.957 ms - -[0m
[0mGET /api/products/type/all/price/all [36m304 [0m1.153 ms - -[0m
[0mGET /api/products/type/all/price/all [36m304 [0m1.080 ms - -[0m
[0mGET /api/products/type/all/price/all [36m304 [0m1.708 ms - -[0m
[0mGET /api/products/type/all/price/all [36m304 [0m1.056 ms - -[0m
[0mGET /api/products/type/all/price/all [36m304 [0m1.100 ms - -[0m
[0mGET /api/products/type/all/price/all [36m304 [0m0.906 ms - -[0m
[0mGET /api/products/type/all/price/all [36m304 [0m1.001 ms - -[0m
[0mGET /api/products/type/all/price/all [36m304 [0m0.878 ms - -[0m
[0mGET /api/products/type/cameras/price/all [36m304 [0m0.805 ms - -[0m
[0mGET /api/products/type/lens/price/all [36m304 [0m0.798 ms - -[0m
[0mGET /api/products/type/lens/price/medium [36m304 [0m0.800 ms - -[0m
[0mGET /api/products/type/lens/price/high [36m304 [0m0.814 ms - -[0m
[0mGET /api/products/type/all/price/all [36m304 [0m1.080 ms - -[0m
[0mGET /api/products/type/all/price/all [36m304 [0m1.096 ms - -[0m
[0mGET /api/products/type/all/price/all [36m304 [0m0.890 ms - -[0m
[0mGET /api/products/type/lights/price/all [36m304 [0m0.823 ms - -[0m
[0mGET /api/products/type/lights/price/medium [36m304 [0m0.802 ms - -[0m
[0mGET /api/products/type/lights/price/high [36m304 [0m0.707 ms - -[0m
[0mGET /api/products/type/lights/price/low [36m304 [0m0.823 ms - -[0m
[0mGET /api/products/type/all/price/all [36m304 [0m1.354 ms - -[0m
[0mGET /api/products/type/all/price/all [36m304 [0m0.884 ms - -[0m
[0mGET /api/products/type/all/price/all [36m304 [0m1.306 ms - -[0m
[0mGET /api/products/type/all/price/all [36m304 [0m0.960 ms - -[0m
[0mGET /api/products/type/all/price/all [36m304 [0m0.913 ms - -[0m
[0mGET /api/products [32m200 [0m1.109 ms - 6032[0m
[0mGET /api/products [32m200 [0m0.826 ms - 6032[0m
[0mGET /api/products/type/lens/price/high [32m200 [0m0.804 ms - 624[0m
[0mGET /api/contacts [32m200 [0m0.520 ms - 1699[0m
[0mGET /api/products/type/all/price/all [36m304 [0m1.355 ms - -[0m
[0mGET /api/contacts [36m304 [0m0.825 ms - -[0m
[0mGET /api/contacts [36m304 [0m0.719 ms - -[0m
[0mGET /api/contacts [36m304 [0m0.655 ms - -[0m
[0mGET /api/contacts [36m304 [0m0.891 ms - -[0m
[0mGET /api/contacts [36m304 [0m0.700 ms - -[0m
[0mGET /api/contacts [36m304 [0m0.725 ms - -[0m
[0mGET /api/contacts [36m304 [0m0.685 ms - -[0m
[0mGET /api/contacts [36m304 [0m0.676 ms - -[0m
[0mGET /api/contacts [36m304 [0m0.655 ms - -[0m
[0mGET /api/contacts [36m304 [0m0.717 ms - -[0m
[0mGET /api/contacts [36m304 [0m0.796 ms - -[0m
[0mGET /api/contacts [36m304 [0m0.654 ms - -[0m
[0mGET /api/contacts [36m304 [0m0.984 ms - -[0m
[0mGET /api/contacts [36m304 [0m0.788 ms - -[0m
[0mGET /api/contacts [36m304 [0m0.715 ms - -[0m
[0mGET /api/contacts [36m304 [0m0.724 ms - -[0m
[0mGET /api/products/type/all/price/all [36m304 [0m1.284 ms - -[0m
[0mGET /api/products/type/lights/price/all [36m304 [0m0.834 ms - -[0m
[0mGET /api/products/type/lights/price/low [36m304 [0m0.804 ms - -[0m
[0mGET /api/products/type/lens/price/low [36m304 [0m0.720 ms - -[0m
[0mGET /api/products/type/lens/price/medium [36m304 [0m1.172 ms - -[0m
[0mGET /api/products/type/lens/price/high [36m304 [0m0.827 ms - -[0m
[0mGET /api/products/type/all/price/high [36m304 [0m0.812 ms - -[0m
[0mGET /api/products/type/all/price/all [36m304 [0m0.983 ms - -[0m
[0mGET /api/products/type/all/price/all [36m304 [0m1.197 ms - -[0m
[0mGET /api/products/type/tripods/price/all [36m304 [0m0.711 ms - -[0m
[0mGET /api/products/type/tripods/price/low [36m304 [0m0.765 ms - -[0m
[0mGET /api/products/type/tripods/price/medium [36m304 [0m0.753 ms - -[0m
[0mGET /api/products/type/tripods/price/high [36m304 [0m0.749 ms - -[0m
[0mGET /api/products/type/tripods/price/all [36m304 [0m0.754 ms - -[0m
[0mGET /api/products/type/all/price/all [36m304 [0m4.692 ms - -[0m
[0mGET /api/products [32m200 [0m1.690 ms - 6032[0m
[0mGET /api/products [32m200 [0m1.102 ms - 6032[0m
[0mGET /api/products/type/lens/price/high [32m200 [0m0.968 ms - 624[0m
[0mGET /api/contacts [32m200 [0m0.691 ms - 1699[0m
[0mGET /api/contacts [36m304 [0m4.070 ms - -[0m
[0mGET /api/products/type/all/price/all [36m304 [0m5.180 ms - -[0m
[0mGET /api/contacts [36m304 [0m0.954 ms - -[0m
[0mGET /api/products/type/all/price/all [36m304 [0m1.310 ms - -[0m
[0mGET /api/products/type/lens/price/all [36m304 [0m1.723 ms - -[0m
[0mGET /api/products/type/lens/price/medium [36m304 [0m1.023 ms - -[0m
[0mGET /api/products/type/all/price/medium [36m304 [0m0.965 ms - -[0m
[0mGET /api/products/type/all/price/all [36m304 [0m1.002 ms - -[0m
[0mGET /api/products/type/all/price/all [36m304 [0m1.232 ms - -[0m
[0mGET /api/products/type/lens/price/all [36m304 [0m0.968 ms - -[0m
[0mGET /api/products/type/lens/price/medium [36m304 [0m3.236 ms - -[0m
[0mGET /api/products/type/lens/price/low [36m304 [0m1.173 ms - -[0m
[0mGET /api/products/type/lens/price/medium [36m304 [0m1.370 ms - -[0m
[0mGET /api/products/type/cameras/price/medium [36m304 [0m1.321 ms - -[0m
[0mGET /api/products/type/cameras/price/high [36m304 [0m0.956 ms - -[0m
[0mGET /api/products/type/all/price/all [36m304 [0m1.855 ms - -[0m
[0mGET /api/contacts [36m304 [0m4.006 ms - -[0m
[0mGET /api/products/type/all/price/all [36m304 [0m1.762 ms - -[0m
[0mGET /api/products/type/lens/price/all [36m304 [0m1.365 ms - -[0m
[0mGET /api/products/type/lens/price/high [36m304 [0m0.799 ms - -[0m
[0mGET /api/products/type/lens/price/medium [36m304 [0m0.920 ms - -[0m
[0mGET /api/products/type/lens/price/low [36m304 [0m0.862 ms - -[0m
[0mGET /api/products/type/all/price/all [36m304 [0m3.928 ms - -[0m
[0mGET /api/contacts [36m304 [0m3.832 ms - -[0m
[0mGET /api/products/type/all/price/all [36m304 [0m2.289 ms - -[0m
[0mGET /api/products/type/tripods/price/all [36m304 [0m1.370 ms - -[0m
[0mGET /api/products/type/camera-bags/price/all [36m304 [0m0.914 ms - -[0m
[0mGET /api/products/type/tripods/price/all [36m304 [0m0.786 ms - -[0m
[0mGET /api/products/type/lens/price/all [36m304 [0m0.842 ms - -[0m
[0mGET /api/products/type/lens/price/medium [36m304 [0m0.904 ms - -[0m
[0mGET /api/products/type/lens/price/high [36m304 [0m0.821 ms - -[0m
[0mGET /api/products/type/lens/price/all [36m304 [0m0.904 ms - -[0m
[0mGET /api/products/type/lens/price/low [36m304 [0m0.832 ms - -[0m
[0mGET /api/products [32m200 [0m1.173 ms - 6032[0m
[0mGET /api/products [32m200 [0m0.765 ms - 6032[0m
[0mGET /api/products/type/lens/price/high [32m200 [0m0.632 ms - 624[0m
[0mGET /api/contacts [32m200 [0m0.553 ms - 1699[0m
[0mGET /api/products/type/all/price/all [36m304 [0m5.542 ms - -[0m
[0mGET /api/contacts [36m304 [0m1.764 ms - -[0m
[0mGET /api/products/type/all/price/all [36m304 [0m1.448 ms - -[0m
[0mGET /api/products/type/all/price/all [36m304 [0m1.366 ms - -[0m
[0mGET /api/products/type/all/price/all [31m500 [0m3.342 ms - 2233[0m
[0mGET /api/products/type/all/price/all [31m500 [0m3.180 ms - 2233[0m
[0mGET /api/products/ [31m500 [0m1.457 ms - 2269[0m
[0mGET /api/products/ [32m200 [0m38.827 ms - 2[0m
[0mGET /favicon.ico [33m404 [0m2.591 ms - 256[0m
[0mGET /api/products/type/all/price/all [31m500 [0m1.150 ms - 2233[0m
[0mGET /api/products/type/all/price/all [31m500 [0m3.374 ms - 2233[0m
[0mGET /products [33m404 [0m2.113 ms - 256[0m
[0mGET /api/products [32m200 [0m27.643 ms - 2[0m
[0mGET /api/products/ [36m304 [0m21.695 ms - -[0m
[0mGET /api/products/ [36m304 [0m34.786 ms - -[0m
[0mGET /api/products/ [36m304 [0m30.531 ms - -[0m
[0mGET /api/products/ [36m304 [0m30.694 ms - -[0m
[0mGET /api/products/type/all/price/all [31m500 [0m4.323 ms - 2233[0m
[0mGET /api/products [32m200 [0m85.267 ms - 2[0m
[0mGET /api/products [36m304 [0m30.977 ms - -[0m
[0mGET /api/products/ [36m304 [0m29.807 ms - -[0m
[0mGET /api/products [36m304 [0m27.364 ms - -[0m
[0mGET /api/products/ [36m304 [0m19.464 ms - -[0m
[0mGET /api/products [32m200 [0m54.983 ms - 6396[0m
[0mGET /api/products/ [32m200 [0m31.022 ms - 6396[0m
[0mGET /api/products [36m304 [0m65.237 ms - -[0m
[0mGET /api/products [36m304 [0m62.415 ms - -[0m
[0mGET /api/products [36m304 [0m53.520 ms - -[0m
[0mGET /api/contacts [33m404 [0m2.863 ms - 256[0m
[0mGET /api/products/ [36m304 [0m27.832 ms - -[0m
[0mPOST /api/users [33m404 [0m3.672 ms - 149[0m
[0mPOST /api/users [33m404 [0m0.534 ms - 149[0m
[0mPOST /api/users [33m404 [0m0.492 ms - 149[0m
[0mPOST /api/users [33m404 [0m0.417 ms - 149[0m
[0mPOST /api/users [33m404 [0m0.400 ms - 149[0m
[0mPOST /api/users [33m404 [0m0.398 ms - 149[0m
[0mPOST /api/users [33m404 [0m0.406 ms - 149[0m
[0mPOST /api/users [33m404 [0m7.263 ms - 149[0m
[0mPOST /api/users [33m404 [0m2.931 ms - 149[0m
[0mPOST /api/users [33m404 [0m0.233 ms - 149[0m
[0mPOST /api/users/authenticate [33m404 [0m0.296 ms - 162[0m
[0mPOST /api/users [33m404 [0m3.160 ms - 149[0m
[0mPOST /api/users/authenticate [33m404 [0m0.423 ms - 162[0m
[0mPOST /api/users/authenticate [33m404 [0m3.272 ms - 162[0m
[0mPOST /api/ [33m404 [0m11.897 ms - 144[0m
[0mGET /api/ [32m200 [0m1.682 ms - 22[0m
[0mPOST /api/users/authenticate [32m200 [0m30.219 ms - 50[0m
[0mGET /api/users [32m200 [0m12.022 ms - 44[0m
[0mPOST /api/users/authenticate [32m200 [0m26.038 ms - 50[0m
[0mGET /api/users/authenticate [32m200 [0m0.772 ms - 44[0m
[0mPOST /api/users/authenticate [32m200 [0m19.950 ms - 50[0m
[0mPOST /api/users/authenticate [32m200 [0m91.613 ms - 50[0m
[0mGET /api/users [32m200 [0m0.231 ms - 45[0m
[0mGET /api/products [33m404 [0m2.105 ms - 256[0m
[0mGET /api/users [36m304 [0m0.879 ms - -[0m
[0mGET /api/ [32m200 [0m0.238 ms - 22[0m
[0mGET /api/products [33m404 [0m5.017 ms - 256[0m
[0mGET /api/ [36m304 [0m1.590 ms - -[0m
[0mGET /api/products/ [33m404 [0m0.653 ms - 256[0m
[0mGET /api/products/ [33m404 [0m0.456 ms - 256[0m
[0mGET /api/users/products/ [31m500 [0m0.838 ms - 2265[0m
[0mGET /api/users/products/ [32m200 [0m101.726 ms - 6396[0m
[0mGET /api/users/ [32m200 [0m20.797 ms - 98[0m
[0mPOST /api/users/authenticate [32m200 [0m22.952 ms - 50[0m
[0mPOST /api/users [32m200 [0m0.577 ms - 44[0m
[0mGET /api/ [36m304 [0m0.555 ms - -[0m
[0mGET /api/users/products/ [36m304 [0m27.026 ms - -[0m
[0mPOST /api/users/authenticate [32m200 [0m19.283 ms - 50[0m
[0mPOST /api/users/authenticate [32m200 [0m30.189 ms - 50[0m
[0mPOST /api/users [32m200 [0m6.919 ms - 17[0m
[0mPOST /api/users [32m200 [0m1.156 ms - 17[0m
[0mPOST /api/users [32m200 [0m0.731 ms - 17[0m
[0mPOST /api/users [32m200 [0m1.348 ms - 17[0m
[0mPOST /api/users/ [32m200 [0m1.277 ms - 17[0m
[0mPOST /api/users [32m200 [0m20.781 ms - 17[0m
[0mPOST /api/users [32m200 [0m1.802 ms - 17[0m
[0mGET /api/users [32m200 [0m30.006 ms - 98[0m
[0mPOST /api/users/authenticate [32m200 [0m37.360 ms - 50[0m
[0mPOST /api/users/authenticate [32m200 [0m20.084 ms - 50[0m
[0mPOST /api/users/products [32m200 [0m0.568 ms - 45[0m
[0mPOST /api/users/products/ [32m200 [0m0.361 ms - 45[0m
[0mGET /api/users/products/ [36m304 [0m47.658 ms - -[0m
[0mPOST /api/users/products/ [32m200 [0m0.336 ms - 45[0m
[0mGET /api/users/ [36m304 [0m20.343 ms - -[0m
[0mPOST /api/users [32m200 [0m4.403 ms - 17[0m
[0mPOST /api/users [32m200 [0m0.840 ms - 17[0m
[0mPOST /api/users [32m200 [0m0.701 ms - 17[0m
[0mPOST /api/users [32m200 [0m1.165 ms - 17[0m
[0mPOST /api/users [32m200 [0m0.638 ms - 17[0m
[0mPOST /api/users [32m200 [0m0.718 ms - 17[0m
[0mPOST /api/users [32m200 [0m0.712 ms - 17[0m
[0mPOST /api/users [32m200 [0m1.070 ms - 17[0m
[0mPOST /api/users [32m200 [0m0.650 ms - 17[0m
[0mPOST /api/users [32m200 [0m0.731 ms - 17[0m
[0mPOST /api/users [32m200 [0m8.821 ms - 17[0m
[0mPOST /api/users [32m200 [0m1.100 ms - 17[0m
[0mPOST /api/users [32m200 [0m0.701 ms - 17[0m
[0mPOST /api/users [32m200 [0m0.701 ms - 17[0m
[0mPOST /api/users [32m200 [0m0.704 ms - 17[0m
[0mPOST / [33m404 [0m8.317 ms - 140[0m
[0mGET /users [33m404 [0m1.971 ms - 256[0m
[0mPOST /api/users [32m200 [0m0.699 ms - 17[0m
[0mPOST /api/users [32m200 [0m0.737 ms - 17[0m
[0mPOST /api/users [32m200 [0m0.731 ms - 17[0m
[0mPOST /api/users [32m200 [0m0.777 ms - 17[0m
[0mPOST /api/users [32m200 [0m14.209 ms - 17[0m
[0mPOST /api/users [32m200 [0m13.220 ms - 17[0m
[0mPOST /api/users [32m200 [0m2.007 ms - 17[0m
[0mPOST /api/users [32m200 [0m71.056 ms - 293[0m
[0mPOST /api/users [32m200 [0m1.436 ms - 17[0m
[0mPOST /api/users [32m200 [0m16.287 ms - 17[0m
[0mPOST /api/users [32m200 [0m87.037 ms - 296[0m
[0mPOST /api/users/authenticate [32m200 [0m27.227 ms - 50[0m
[0mPOST /api/users/authenticate [32m200 [0m20.131 ms - 50[0m
[0mGET /api/contacts [33m404 [0m2.438 ms - 256[0m
[0mPOST /api/users [32m200 [0m86.314 ms - 286[0m
[0mGET /api/products [33m404 [0m3.641 ms - 256[0m
[0mGET /api/products [33m404 [0m0.804 ms - 256[0m
[0mGET /api/products [33m404 [0m0.436 ms - 256[0m
[0mGET /api/products [33m404 [0m4.848 ms - 256[0m
[0mGET /api/products [33m404 [0m4.525 ms - 256[0m
[0mGET /api/products [33m404 [0m4.221 ms - 256[0m
[0mGET /api/products [33m404 [0m0.627 ms - 256[0m
[0mGET /api/products [33m404 [0m0.531 ms - 256[0m
[0mGET /api/products [33m404 [0m13.357 ms - 256[0m
[0mPOST /api/users/authenticate [32m200 [0m55.059 ms - 50[0m
[0mPOST /api/users [32m200 [0m138.493 ms - 274[0m
[0mGET /api/products [33m404 [0m5.917 ms - 256[0m
[0mGET /api/products [33m404 [0m8.712 ms - 256[0m
[0mGET /api/products [33m404 [0m9.212 ms - 256[0m
[0mGET /api/users/products/ [32m200 [0m5.601 ms - 45[0m
[0mGET /api/products [32m200 [0m24.072 ms - 2334[0m
[0mGET /api/products [36m304 [0m4.348 ms - -[0m
[0mGET /api/products [36m304 [0m4.523 ms - -[0m
[0mGET /api/products [36m304 [0m3.677 ms - -[0m
[0mGET /api/users/ [32m200 [0m30.261 ms - 644[0m
[0mGET /api/users/products/ [32m200 [0m46.274 ms - 6396[0m
[0mGET /api/users/products/ [32m200 [0m35.818 ms - 6396[0m
[0mGET /api/user/products [32m200 [0m2.251 ms - 2334[0m
[0mGET /api/user/products [36m304 [0m0.326 ms - -[0m
[0mGET /api/user/products [36m304 [0m0.254 ms - -[0m
[0mGET /api/user/products [36m304 [0m3.255 ms - -[0m
[0mGET /api/user/products [36m304 [0m0.992 ms - -[0m
[0mGET /api/user/products [36m304 [0m1.248 ms - -[0m
[0mGET /api/user/products [36m304 [0m0.259 ms - -[0m
[0mGET /api/user/products [36m304 [0m0.223 ms - -[0m
[0mGET /api/user/products [36m304 [0m0.238 ms - -[0m
[0mGET /api/user/products [36m304 [0m0.476 ms - -[0m
[0mGET /api/user/products [36m304 [0m0.946 ms - -[0m
[0mGET /api/products [36m304 [0m1.117 ms - -[0m
[0mGET /api/products [36m304 [0m0.221 ms - -[0m
[0mGET /api/user/products [36m304 [0m0.215 ms - -[0m
[0mGET /api/users/products [32m200 [0m29.367 ms - 6396[0m
[0mGET /api/user/products [36m304 [0m0.213 ms - -[0m
[0mGET /api/users/products [36m304 [0m27.625 ms - -[0m
[0mGET /api/users/products [36m304 [0m24.727 ms - -[0m
[0mGET /api/users/products [36m304 [0m27.544 ms - -[0m
[0mPOST /api/users/authenticate [32m200 [0m21.535 ms - 50[0m
[0mPOST /api/users [32m200 [0m69.751 ms - 285[0m
[0mGET /api/users/products [36m304 [0m25.887 ms - -[0m
[0mGET /api/users/products [36m304 [0m26.432 ms - -[0m
[0mPOST /api/users/authenticate [32m200 [0m63.882 ms - 50[0m
[0mGET /api/users/ [32m200 [0m55.002 ms - 160[0m
[0mGET /api/users/authenticate [32m200 [0m0.891 ms - 45[0m
[0mPOST /api/users/authenticate [32m200 [0m35.490 ms - 50[0m
[0mPOST /api/users/authenticate [32m200 [0m37.089 ms - 50[0m
[0mPOST /api/users [32m200 [0m80.836 ms - 30[0m
[0mPOST /api/users [32m200 [0m58.980 ms - 285[0m
[0mGET /api/users/products [36m304 [0m55.689 ms - -[0m
[0mPOST /api/users/authenticate [32m200 [0m504.355 ms - 50[0m
[0mPOST /api/users/authenticate [32m200 [0m88.109 ms - 50[0m
[0mPOST /api/users/authenticate [32m200 [0m29.822 ms - 50[0m
[0mPOST /api/users [32m200 [0m77.391 ms - 281[0m
[0mPOST /api/users/authenticate [32m200 [0m38.302 ms - 50[0m
[0mPOST /api/users/authenticate [32m200 [0m34.853 ms - 50[0m
[0mPOST /api/users/authenticate [32m200 [0m34.831 ms - 50[0m
[0mPOST /api/users/authenticate [32m200 [0m35.085 ms - 50[0m
[0mPOST /api/users/authenticate [32m200 [0m39.521 ms - 50[0m
[0mPOST /api/users/authenticate [32m200 [0m31.954 ms - 50[0m
[0mPOST /api/users/authenticate [32m200 [0m45.134 ms - 50[0m
[0mPOST /api/users/authenticate [32m200 [0m49.561 ms - 50[0m
[0mPOST /api/users/authenticate [32m200 [0m86.972 ms - 267[0m
[0mGET /api/users/products [36m304 [0m49.581 ms - -[0m
[0mGET /api/users/products [36m304 [0m67.757 ms - -[0m
[0mGET /api/users/products [36m304 [0m37.139 ms - -[0m
[0mPOST /api/users/authenticate [32m200 [0m93.537 ms - 267[0m
[0mGET /api/users/products [36m304 [0m44.113 ms - -[0m
[0mPOST /api/users/authenticate [32m200 [0m51.305 ms - 267[0m
[0mGET /api/users/products [36m304 [0m32.248 ms - -[0m
[0mGET /api/users/products [36m304 [0m34.369 ms - -[0m
[0mPOST /api/users [32m200 [0m68.029 ms - 289[0m
[0mGET /api/users/products [36m304 [0m46.246 ms - -[0m
[0mGET /api/users/products [36m304 [0m45.114 ms - -[0m
[0mPOST /api/users/authenticate [32m200 [0m54.046 ms - 275[0m
[0mGET /api/users/products [36m304 [0m38.945 ms - -[0m
[0mGET /api/users/products/ [36m304 [0m35.260 ms - -[0m
[0mGET /api/users/products/ [36m304 [0m36.446 ms - -[0m
[0mGET /api/users/products/ [36m304 [0m37.578 ms - -[0m
[0mGET /api/users/products/ [32m200 [0m2.851 ms - 45[0m
[0mPOST /api/users/authenticate [32m200 [0m82.203 ms - 275[0m
[0mGET /api/users/products [32m200 [0m0.313 ms - 45[0m
[0mGET /api/users/products [32m200 [0m69.919 ms - 6396[0m
[0mGET /api/users/products [36m304 [0m65.537 ms - -[0m
[0mPOST /api/users/authenticate [32m200 [0m82.070 ms - 275[0m
[0mGET /api/users/products [36m304 [0m41.155 ms - -[0m
[0mGET /api/users/products [36m304 [0m36.066 ms - -[0m
[0mPOST /api/users [32m200 [0m84.526 ms - 294[0m
[0mGET /manifest.json [32m200 [0m5.293 ms - 2334[0m
[0mGET /favicon.ico [32m200 [0m4.592 ms - 2334[0m
[0mGET /favicon.ico [32m200 [0m1.131 ms - 2334[0m
[0mGET /manifest.json [32m200 [0m1.002 ms - 2334[0m
[0mGET /robots.txt [32m200 [0m0.322 ms - 2334[0m
[0mGET /manifest.json [32m200 [0m0.342 ms - 2334[0m
[0mGET /favicon.ico [32m200 [0m0.769 ms - 2334[0m
[0mGET /manifest.json [32m200 [0m0.612 ms - 2334[0m
[0mGET /favicon.ico [32m200 [0m0.956 ms - 2334[0m
[0mGET /manifest.json [32m200 [0m1.000 ms - 2334[0m
[0mGET /favicon.ico [32m200 [0m0.396 ms - 2334[0m
[0mGET /manifest.json [36m304 [0m0.673 ms - -[0m
[0mGET /favicon.ico [36m304 [0m0.330 ms - -[0m
[0mGET /favicon.ico [36m304 [0m0.398 ms - -[0m
[0mGET /manifest.json [36m304 [0m0.393 ms - -[0m
[0mGET /favicon.ico [36m304 [0m0.238 ms - -[0m
[0mGET /favicon.ico [36m304 [0m0.418 ms - -[0m
[0mGET /manifest.json [36m304 [0m0.396 ms - -[0m
[0mGET /favicon.ico [32m200 [0m4.778 ms - 2334[0m
[0mGET /manifest.json [36m304 [0m3.895 ms - -[0m
[0mGET /api/images [32m200 [0m6.070 ms - 2334[0m
[0mGET /favicon.ico [32m200 [0m6.744 ms - 2334[0m
[0mGET /manifest.json [36m304 [0m0.665 ms - -[0m
[0mGET /favicon.ico [36m304 [0m0.243 ms - -[0m
[0mGET /favicon.ico [36m304 [0m0.237 ms - -[0m
[0mGET /favicon.ico [36m304 [0m0.714 ms - -[0m
[0mGET /manifest.json [36m304 [0m0.230 ms - -[0m
[0mGET /favicon.ico [36m304 [0m0.217 ms - -[0m
[0mGET /favicon.ico [36m304 [0m3.618 ms - -[0m
[0mGET /manifest.json [36m304 [0m1.208 ms - -[0m
[0mGET /favicon.ico [36m304 [0m0.958 ms - -[0m
[0mGET /favicon.ico [36m304 [0m0.463 ms - -[0m
[0mGET /favicon.ico [32m200 [0m1.503 ms - 2334[0m
[0mGET /robots.txt [32m200 [0m0.473 ms - 2334[0m
[0mGET /manifest.json [32m200 [0m0.334 ms - 2334[0m
[0mGET /favicon.ico [32m200 [0m0.525 ms - 2334[0m
[0mGET /favicon.ico [32m200 [0m0.401 ms - 2334[0m
[0mGET /favicon.ico [32m200 [0m0.425 ms - 2628[0m
[0mGET /favicon.ico [32m200 [0m0.912 ms - 2628[0m
[0mGET /manifest.json [32m200 [0m0.908 ms - 2628[0m
[0mGET /favicon.ico [32m200 [0m4.530 ms - 2628[0m
[0mGET /favicon.ico [32m200 [0m1.266 ms - 2628[0m
[0mGET /robots.txt [32m200 [0m0.402 ms - 2628[0m
[0mGET /manifest.json [32m200 [0m0.332 ms - 2628[0m
[0mGET /favicon.ico [32m200 [0m0.590 ms - 2628[0m
[0mGET /favicon.ico [32m200 [0m0.664 ms - 2628[0m
[0mGET /favicon.ico [32m200 [0m4.191 ms - 2637[0m
[0mGET /favicon.ico [32m200 [0m0.642 ms - 2637[0m
[0mGET /robots.txt [32m200 [0m0.429 ms - 2637[0m
[0mGET /manifest.json [32m200 [0m0.366 ms - 2637[0m
[0mGET /favicon.ico [32m200 [0m0.398 ms - 2637[0m
[0mGET /favicon.ico [32m200 [0m0.448 ms - 2637[0m
[0mGET /favicon.ico [32m200 [0m0.782 ms - 2628[0m
[0mGET /favicon.ico [32m200 [0m0.392 ms - 2628[0m
[0mGET /favicon.ico [32m200 [0m0.391 ms - 2628[0m
[0mGET /robots.txt [32m200 [0m0.423 ms - 2628[0m
[0mGET /manifest.json [32m200 [0m0.391 ms - 2628[0m
[0mGET /favicon.ico [32m200 [0m0.403 ms - 2628[0m
[0mGET /favicon.ico [32m200 [0m0.669 ms - 2628[0m
[0mGET /favicon.ico [32m200 [0m0.376 ms - 1398[0m
[0mGET /favicon.ico [32m200 [0m0.935 ms - 1398[0m
[0mGET /robots.txt [32m200 [0m0.448 ms - 1398[0m
[0mGET /favicon.ico [32m200 [0m0.950 ms - 1398[0m
[0mGET /favicon.ico [32m200 [0m0.381 ms - 1398[0m
[0mGET /favicon.ico [32m200 [0m0.520 ms - 1398[0m
[0mGET /favicon.ico [32m200 [0m0.409 ms - 1398[0m
[0mGET /favicon.ico [32m200 [0m4.509 ms - 1398[0m
[0mGET /favicon.ico [32m200 [0m0.945 ms - 1398[0m
[0mGET /robots.txt [32m200 [0m0.436 ms - 1398[0m
[0mGET /favicon.ico [32m200 [0m0.370 ms - 1398[0m
[0mGET /favicon.ico [32m200 [0m0.380 ms - 1398[0m
[0mGET /favicon.ico [32m200 [0m2.222 ms - 1398[0m
[0mGET /favicon.ico [32m200 [0m2.431 ms - 1398[0m
[0mGET /favicon.ico [32m200 [0m0.847 ms - 1387[0m
[0mGET /favicon.ico [32m200 [0m4.435 ms - 1387[0m
[0mGET /favicon.ico [32m200 [0m1.036 ms - 1387[0m
[0mGET /robots.txt [32m200 [0m0.409 ms - 1387[0m
[0mGET /favicon.ico [32m200 [0m0.325 ms - 1387[0m
[0mGET /favicon.ico [32m200 [0m0.564 ms - 1387[0m
[0mGET /api/images [32m200 [0m4.746 ms - 1387[0m
[0mGET /favicon.ico [32m200 [0m0.691 ms - 1387[0m
[0mGET /favicon.ico [32m200 [0m2.444 ms - 1387[0m
[0mGET /favicon.ico [32m200 [0m0.449 ms - 1387[0m
[0mGET /favicon.ico [32m200 [0m2.510 ms - 1387[0m
[0mGET /robots.txt [32m200 [0m0.428 ms - 1387[0m
[0mGET /favicon.ico [32m200 [0m3.243 ms - 1387[0m
[0mGET /favicon.ico [32m200 [0m0.353 ms - 1387[0m
[0mGET /favicon.ico [32m200 [0m5.605 ms - -[0m
[0mGET /favicon.ico [32m200 [0m0.750 ms - -[0m
[0mGET /favicon.ico [32m200 [0m0.772 ms - -[0m
[0mGET /favicon.ico [32m200 [0m1.116 ms - -[0m
[0mGET /robots.txt [32m200 [0m0.400 ms - -[0m
[0mGET /favicon.ico [32m200 [0m0.837 ms - -[0m
[0mGET /favicon.ico [32m200 [0m0.354 ms - -[0m
[0mGET /favicon.ico [32m200 [0m2.124 ms - -[0m
[0mGET /favicon.ico [32m200 [0m0.626 ms - -[0m
[0mGET /favicon.ico [32m200 [0m0.502 ms - -[0m
[0mGET /favicon.ico [32m200 [0m0.467 ms - -[0m
[0mGET /robots.txt [32m200 [0m0.436 ms - -[0m
[0mGET /favicon.ico [32m200 [0m0.738 ms - -[0m
[0mGET /favicon.ico [32m200 [0m0.607 ms - -[0m
[0mGET /favicon.ico [32m200 [0m7.566 ms - -[0m
[0mGET /favicon.ico [32m200 [0m1.027 ms - -[0m
[0mGET /favicon.ico [36m304 [0m0.694 ms - -[0m
[0mPOST /api/users/authenticate [32m200 [0m77.542 ms - 275[0m
[0mGET /favicon.ico [36m304 [0m0.290 ms - -[0m
[0mGET /api/users/products [32m200 [0m43.644 ms - -[0m
[0mGET /favicon.ico [32m200 [0m1.060 ms - -[0m
[0mGET /robots.txt [32m200 [0m0.353 ms - -[0m
[0mGET /favicon.ico [32m200 [0m1.068 ms - -[0m
[0mGET /favicon.ico [32m200 [0m0.496 ms - -[0m
[0mGET /favicon.ico [32m200 [0m2.100 ms - -[0m
[0mGET /favicon.ico [32m200 [0m4.436 ms - -[0m
[0mGET /favicon.ico [32m200 [0m1.026 ms - -[0m
[0mGET /favicon.ico [32m200 [0m1.535 ms - -[0m
[0mGET /api/user/contacts [32m200 [0m1.033 ms - -[0m
[0mGET /favicon.ico [36m304 [0m1.144 ms - -[0m
[0mGET /favicon.ico [36m304 [0m0.404 ms - -[0m
[0mGET /favicon.ico [32m200 [0m0.786 ms - -[0m
[0mGET /favicon.ico [32m200 [0m1.126 ms - -[0m
[0mGET /favicon.ico [36m304 [0m0.445 ms - -[0m
[0mGET /favicon.ico [36m304 [0m1.282 ms - -[0m
[0mGET /api/user/contacts [36m304 [0m0.425 ms - -[0m
[0mGET /favicon.ico [36m304 [0m0.448 ms - -[0m
[0mGET /favicon.ico [36m304 [0m0.607 ms - -[0m
[0mGET /favicon.ico [36m304 [0m0.413 ms - -[0m
[0mGET /favicon.ico [36m304 [0m1.005 ms - -[0m
[0mGET /favicon.ico [32m200 [0m0.757 ms - -[0m
[0mGET /favicon.ico [32m200 [0m0.720 ms - -[0m
[0mGET /favicon.ico [32m200 [0m0.626 ms - -[0m
[0mGET /favicon.ico [32m200 [0m1.885 ms - -[0m
[0mGET /favicon.ico [32m200 [0m0.679 ms - -[0m
[0mGET /favicon.ico [32m200 [0m1.646 ms - -[0m
[0mGET /favicon.ico [32m200 [0m0.450 ms - -[0m
[0mGET /favicon.ico [32m200 [0m0.538 ms - -[0m
[0mGET /favicon.ico [36m304 [0m0.382 ms - -[0m
[0mGET /favicon.ico [36m304 [0m0.241 ms - -[0m
[0mGET /favicon.ico [36m304 [0m0.248 ms - -[0m
[0mGET /favicon.ico [32m200 [0m0.392 ms - -[0m
[0mGET /favicon.ico [32m200 [0m2.084 ms - -[0m
[0mGET /favicon.ico [36m304 [0m0.323 ms - -[0m
[0mGET /favicon.ico [36m304 [0m0.291 ms - -[0m
[0mGET /favicon.ico [36m304 [0m0.560 ms - -[0m
[0mGET /favicon.ico [36m304 [0m0.269 ms - -[0m
[0mGET /favicon.ico [36m304 [0m0.247 ms - -[0m
[0mPOST /api/users/authenticate [32m200 [0m87.314 ms - 275[0m
[0mGET /favicon.ico [36m304 [0m0.307 ms - -[0m
[0mGET /api/users/products [32m200 [0m42.937 ms - -[0m
[0mGET /api/users/products [36m304 [0m25.606 ms - -[0m
[0mGET /favicon.ico [36m304 [0m0.518 ms - -[0m
[0mGET /favicon.ico [36m304 [0m0.511 ms - -[0m
[0mGET /favicon.ico [36m304 [0m0.308 ms - -[0m
[0mGET /favicon.ico [36m304 [0m0.265 ms - -[0m
[0mGET /favicon.ico [32m200 [0m0.590 ms - -[0m
[0mGET /favicon.ico [36m304 [0m0.233 ms - -[0m
[0mGET /favicon.ico [36m304 [0m0.423 ms - -[0m
[0mGET /favicon.ico [36m304 [0m0.230 ms - -[0m
[0mGET /favicon.ico [36m304 [0m0.246 ms - -[0m
[0mGET /favicon.ico [36m304 [0m0.256 ms - -[0m
[0mGET /favicon.ico [36m304 [0m0.372 ms - -[0m
[0mGET /favicon.ico [36m304 [0m0.223 ms - -[0m
[0mGET /favicon.ico [36m304 [0m0.260 ms - -[0m
[0mGET /favicon.ico [36m304 [0m0.244 ms - -[0m
[0mGET /favicon.ico [36m304 [0m0.262 ms - -[0m
[0mGET /favicon.ico [36m304 [0m0.214 ms - -[0m
[0mGET /favicon.ico [36m304 [0m0.228 ms - -[0m
[0mGET /favicon.ico [36m304 [0m0.338 ms - -[0m
[0mGET /favicon.ico [36m304 [0m0.255 ms - -[0m
[0mGET /favicon.ico [36m304 [0m0.246 ms - -[0m
[0mGET /favicon.ico [36m304 [0m0.269 ms - -[0m
[0mGET /favicon.ico [36m304 [0m0.220 ms - -[0m
[0mGET /favicon.ico [36m304 [0m0.222 ms - -[0m
[0mGET /favicon.ico [36m304 [0m0.264 ms - -[0m
[0mGET /favicon.ico [36m304 [0m0.761 ms - -[0m
[0mGET /favicon.ico [36m304 [0m0.210 ms - -[0m
[0mGET /favicon.ico [36m304 [0m0.760 ms - -[0m
[0mGET /favicon.ico [32m200 [0m4.127 ms - -[0m
[0mGET /favicon-32x32.png [32m200 [0m0.848 ms - -[0m
[0mGET /favicon-16x16.png [32m200 [0m0.361 ms - -[0m
[0mGET /favicon-96x96.png [32m200 [0m0.276 ms - -[0m
[0mGET /android-icon-192x192.png [32m200 [0m0.317 ms - -[0m
[0mGET /favicon.ico [36m304 [0m0.801 ms - -[0m
[0mGET /favicon-32x32.png [36m304 [0m0.243 ms - -[0m
[0mGET /favicon-16x16.png [36m304 [0m0.209 ms - -[0m
[0mGET /favicon-96x96.png [36m304 [0m0.227 ms - -[0m
[0mGET /android-icon-192x192.png [36m304 [0m0.196 ms - -[0m
[0mGET /favicon.ico [36m304 [0m0.262 ms - -[0m
[0mGET /favicon-32x32.png [36m304 [0m0.188 ms - -[0m
[0mGET /favicon-16x16.png [36m304 [0m0.211 ms - -[0m
[0mGET /favicon-96x96.png [36m304 [0m0.223 ms - -[0m
[0mGET /android-icon-192x192.png [36m304 [0m0.175 ms - -[0m
[0mGET /favicon.ico [36m304 [0m3.393 ms - -[0m
[0mGET /favicon-32x32.png [36m304 [0m0.433 ms - -[0m
[0mGET /favicon-16x16.png [36m304 [0m0.241 ms - -[0m
[0mGET /favicon-96x96.png [36m304 [0m0.266 ms - -[0m
[0mGET /android-icon-192x192.png [36m304 [0m0.227 ms - -[0m
[0mGET /favicon.ico [36m304 [0m0.567 ms - -[0m
[0mGET /favicon-32x32.png [36m304 [0m0.203 ms - -[0m
[0mGET /favicon-16x16.png [36m304 [0m0.176 ms - -[0m
[0mGET /favicon-96x96.png [36m304 [0m0.185 ms - -[0m
[0mGET /android-icon-192x192.png [36m304 [0m0.185 ms - -[0m
[0mGET /favicon-32x32.png [32m200 [0m1.348 ms - -[0m
[0mGET /favicon-32x32.png [32m200 [0m0.451 ms - -[0m
[0mGET /favicon-16x16.png [32m200 [0m0.310 ms - -[0m
[0mGET /favicon-96x96.png [32m200 [0m0.285 ms - -[0m
[0mGET /favicon-32x32.png [32m200 [0m0.353 ms - -[0m
